[0.229s] Invoking command in '/home/ubuntu/ros2_ws/build/camera_calibration_parsers': CMAKE_PREFIX_PATH=${CMAKE_PREFIX_PATH}:/home/ubuntu/ros2_ws/install/opencv_tests:/home/ubuntu/turtlebot3_ws/install/turtlebot3_teleop:/home/ubuntu/turtlebot3_ws/install/turtlebot3_example:/opt/ros/foxy /usr/bin/cmake --build /home/ubuntu/ros2_ws/build/camera_calibration_parsers -- -j4 -l4
[0.902s] [  7%] [32mBuilding CXX object gtest/CMakeFiles/gtest.dir/src/gtest-all.cc.o[0m
[1.134s] [ 21%] Built target gtest_main
[1.207s] [ 28%] [32mBuilding CXX object CMakeFiles/camera_calibration_parsers.dir/src/parse.cpp.o[0m
[1.226s] [ 35%] [32mBuilding CXX object CMakeFiles/camera_calibration_parsers.dir/src/parse_ini.cpp.o[0m
[1.358s] [ 42%] [32mBuilding CXX object CMakeFiles/camera_calibration_parsers.dir/src/parse_yml.cpp.o[0m
[48.096s] make[2]: *** [gtest/CMakeFiles/gtest.dir/build.make:63: gtest/CMakeFiles/gtest.dir/src/gtest-all.cc.o] Interrupt
[48.158s] make[2]: *** [CMakeFiles/camera_calibration_parsers.dir/build.make:63: CMakeFiles/camera_calibration_parsers.dir/src/parse.cpp.o] Interrupt
