[0.195s] Invoking command in '/home/ubuntu/ros2_ws/build/image_geometry': CMAKE_PREFIX_PATH=${CMAKE_PREFIX_PATH}:/home/ubuntu/ros2_ws/install/opencv_tests:/home/ubuntu/turtlebot3_ws/install/turtlebot3_teleop:/home/ubuntu/turtlebot3_ws/install/turtlebot3_example:/opt/ros/foxy /usr/bin/cmake /home/ubuntu/ros2_ws/src/vision_opencv/image_geometry -DCMAKE_INSTALL_PREFIX=/home/ubuntu/ros2_ws/install/image_geometry
[0.811s] -- The C compiler identification is GNU 9.4.0
[1.412s] -- The CXX compiler identification is GNU 9.4.0
[1.466s] -- Check for working C compiler: /usr/bin/cc
[2.146s] -- Check for working C compiler: /usr/bin/cc -- works
[2.153s] -- Detecting C compiler ABI info
[2.841s] -- Detecting C compiler ABI info - done
[2.936s] -- Detecting C compile features
[2.939s] -- Detecting C compile features - done
[2.962s] -- Check for working CXX compiler: /usr/bin/c++
[3.725s] -- Check for working CXX compiler: /usr/bin/c++ -- works
[3.735s] -- Detecting CXX compiler ABI info
[4.502s] -- Detecting CXX compiler ABI info - done
[4.600s] -- Detecting CXX compile features
[4.604s] -- Detecting CXX compile features - done
[4.633s] -- Found ament_cmake_python: 0.9.8 (/opt/ros/foxy/share/ament_cmake_python/cmake)
[4.660s] -- Found ament_cmake_ros: 0.9.2 (/opt/ros/foxy/share/ament_cmake_ros/cmake)
[5.162s] -- Found PythonInterp: /usr/bin/python3 (found suitable version "3.8.10", minimum required is "3") 
[5.164s] -- Using PYTHON_EXECUTABLE: /usr/bin/python3
[7.959s] -- Found OpenCV: /usr (found version "4.2.0") found components: calib3d core highgui imgproc 
[7.990s] -- Found sensor_msgs: 2.0.5 (/opt/ros/foxy/share/sensor_msgs/cmake)
[8.386s] -- Using all available rosidl_typesupport_c: rosidl_typesupport_fastrtps_c;rosidl_typesupport_introspection_c
[8.496s] -- Found rosidl_adapter: 1.2.1 (/opt/ros/foxy/share/rosidl_adapter/cmake)
[9.368s] -- Found OpenSSL: /usr/lib/aarch64-linux-gnu/libcrypto.so (found version "1.1.1f")  
[9.686s] -- Found FastRTPS: /opt/ros/foxy/include  
[10.632s] -- Using all available rosidl_typesupport_cpp: rosidl_typesupport_fastrtps_cpp;rosidl_typesupport_introspection_cpp
[12.482s] -- Found gtest sources under '/opt/ros/foxy/src/gtest_vendor': C++ tests using 'Google Test' will be built
[12.501s] -- Looking for pthread.h
[13.274s] -- Looking for pthread.h - found
[13.280s] -- Performing Test CMAKE_HAVE_LIBC_PTHREAD
[14.038s] -- Performing Test CMAKE_HAVE_LIBC_PTHREAD - Failed
[14.045s] -- Check if compiler accepts -pthread
[14.827s] -- Check if compiler accepts -pthread - yes
[14.837s] -- Found Threads: TRUE  
[15.711s] -- Configuring done
[15.889s] -- Generating done
[15.911s] -- Build files have been written to: /home/ubuntu/ros2_ws/build/image_geometry
[15.995s] Invoked command in '/home/ubuntu/ros2_ws/build/image_geometry' returned '0': CMAKE_PREFIX_PATH=${CMAKE_PREFIX_PATH}:/home/ubuntu/ros2_ws/install/opencv_tests:/home/ubuntu/turtlebot3_ws/install/turtlebot3_teleop:/home/ubuntu/turtlebot3_ws/install/turtlebot3_example:/opt/ros/foxy /usr/bin/cmake /home/ubuntu/ros2_ws/src/vision_opencv/image_geometry -DCMAKE_INSTALL_PREFIX=/home/ubuntu/ros2_ws/install/image_geometry
[16.012s] Invoking command in '/home/ubuntu/ros2_ws/build/image_geometry': CMAKE_PREFIX_PATH=${CMAKE_PREFIX_PATH}:/home/ubuntu/ros2_ws/install/opencv_tests:/home/ubuntu/turtlebot3_ws/install/turtlebot3_teleop:/home/ubuntu/turtlebot3_ws/install/turtlebot3_example:/opt/ros/foxy /usr/bin/cmake --build /home/ubuntu/ros2_ws/build/image_geometry -- -j4 -l4
[16.480s] [35m[1mScanning dependencies of target image_geometry[0m
[16.502s] [35m[1mScanning dependencies of target gtest[0m
[16.519s] [35m[1mScanning dependencies of target gtest_main[0m
[16.853s] [  9%] [32mBuilding CXX object gtest/CMakeFiles/gtest_main.dir/src/gtest_main.cc.o[0m
[16.921s] [ 18%] [32mBuilding CXX object gtest/CMakeFiles/gtest.dir/src/gtest-all.cc.o[0m
[17.565s] [ 27%] [32mBuilding CXX object CMakeFiles/image_geometry.dir/src/pinhole_camera_model.cpp.o[0m
[17.573s] [ 36%] [32mBuilding CXX object CMakeFiles/image_geometry.dir/src/stereo_camera_model.cpp.o[0m
[310.665s] [ 45%] [32m[1mLinking CXX static library libgtest_main.a[0m
[311.264s] [ 45%] Built target gtest_main
[313.981s] [ 54%] [32m[1mLinking CXX shared library libimage_geometry.so[0m
[316.189s] [ 54%] Built target image_geometry
[985.051s] make[2]: *** [gtest/CMakeFiles/gtest.dir/build.make:63: gtest/CMakeFiles/gtest.dir/src/gtest-all.cc.o] Interrupt
[985.090s] make[1]: *** [CMakeFiles/Makefile2:287: gtest/CMakeFiles/gtest.dir/all] Interrupt
