[0.258s] Invoking command in '/home/ubuntu/ros2_ws/build/camera_calibration_parsers': CMAKE_PREFIX_PATH=${CMAKE_PREFIX_PATH}:/home/ubuntu/ros2_ws/install/opencv_tests:/home/ubuntu/turtlebot3_ws/install/turtlebot3_teleop:/home/ubuntu/turtlebot3_ws/install/turtlebot3_example:/opt/ros/foxy /usr/bin/cmake /home/ubuntu/ros2_ws/src/image_common/camera_calibration_parsers -DAMENT_CMAKE_SYMLINK_INSTALL=1 -DCMAKE_INSTALL_PREFIX=/home/ubuntu/ros2_ws/install/camera_calibration_parsers
[0.799s] -- Found ament_cmake_ros: 0.9.2 (/opt/ros/foxy/share/ament_cmake_ros/cmake)
[1.199s] -- Using PYTHON_EXECUTABLE: /usr/bin/python3
[3.224s] -- Override CMake install command with custom implementation using symlinks instead of copying resources
[3.363s] -- Found rclcpp: 2.3.1 (/opt/ros/foxy/share/rclcpp/cmake)
[3.741s] -- Using all available rosidl_typesupport_c: rosidl_typesupport_fastrtps_c;rosidl_typesupport_introspection_c
[3.769s] -- Found rosidl_adapter: 1.2.1 (/opt/ros/foxy/share/rosidl_adapter/cmake)
[5.082s] -- Using all available rosidl_typesupport_cpp: rosidl_typesupport_fastrtps_cpp;rosidl_typesupport_introspection_cpp
[5.607s] -- Found rmw_implementation_cmake: 1.0.3 (/opt/ros/foxy/share/rmw_implementation_cmake/cmake)
[5.638s] -- Using RMW implementation 'rmw_fastrtps_cpp' as default
[7.122s] -- Found sensor_msgs: 2.0.5 (/opt/ros/foxy/share/sensor_msgs/cmake)
[8.309s] -- Found yaml_cpp_vendor: 7.0.2 (/opt/ros/foxy/share/yaml_cpp_vendor/cmake)
[8.311s] -- Setting yaml-cpp_DIR to: '/opt/ros/foxy/share/yaml_cpp_vendor/cmake/../../../opt/yaml_cpp_vendor/lib/cmake/yaml-cpp'
[8.388s] -- Found ament_cmake_cppcheck: 0.9.6 (/opt/ros/foxy/share/ament_cmake_cppcheck/cmake)
[8.393s] -- Found ament_cmake_cpplint: 0.9.6 (/opt/ros/foxy/share/ament_cmake_cpplint/cmake)
[8.399s] -- Found ament_cmake_lint_cmake: 0.9.6 (/opt/ros/foxy/share/ament_cmake_lint_cmake/cmake)
[8.405s] -- Found ament_cmake_uncrustify: 0.9.6 (/opt/ros/foxy/share/ament_cmake_uncrustify/cmake)
[8.420s] -- Found gtest sources under '/opt/ros/foxy/src/gtest_vendor': C++ tests using 'Google Test' will be built
[9.592s] -- Configuring done
[10.286s] -- Generating done
[10.309s] -- Build files have been written to: /home/ubuntu/ros2_ws/build/camera_calibration_parsers
[10.349s] Invoked command in '/home/ubuntu/ros2_ws/build/camera_calibration_parsers' returned '0': CMAKE_PREFIX_PATH=${CMAKE_PREFIX_PATH}:/home/ubuntu/ros2_ws/install/opencv_tests:/home/ubuntu/turtlebot3_ws/install/turtlebot3_teleop:/home/ubuntu/turtlebot3_ws/install/turtlebot3_example:/opt/ros/foxy /usr/bin/cmake /home/ubuntu/ros2_ws/src/image_common/camera_calibration_parsers -DAMENT_CMAKE_SYMLINK_INSTALL=1 -DCMAKE_INSTALL_PREFIX=/home/ubuntu/ros2_ws/install/camera_calibration_parsers
[10.369s] Invoking command in '/home/ubuntu/ros2_ws/build/camera_calibration_parsers': CMAKE_PREFIX_PATH=${CMAKE_PREFIX_PATH}:/home/ubuntu/ros2_ws/install/opencv_tests:/home/ubuntu/turtlebot3_ws/install/turtlebot3_teleop:/home/ubuntu/turtlebot3_ws/install/turtlebot3_example:/opt/ros/foxy /usr/bin/cmake --build /home/ubuntu/ros2_ws/build/camera_calibration_parsers -- -j4 -l4
[11.132s] [  7%] [32mBuilding CXX object gtest/CMakeFiles/gtest.dir/src/gtest-all.cc.o[0m
[11.142s] [ 21%] Built target gtest_main
[11.432s] [ 28%] [32mBuilding CXX object CMakeFiles/camera_calibration_parsers.dir/src/parse.cpp.o[0m
[11.448s] [ 35%] [32mBuilding CXX object CMakeFiles/camera_calibration_parsers.dir/src/parse_ini.cpp.o[0m
[11.543s] [ 42%] [32mBuilding CXX object CMakeFiles/camera_calibration_parsers.dir/src/parse_yml.cpp.o[0m
[19.338s] make[2]: *** [CMakeFiles/camera_calibration_parsers.dir/build.make:89: CMakeFiles/camera_calibration_parsers.dir/src/parse_yml.cpp.o] Interrupt
[19.356s] make[2]: *** [gtest/CMakeFiles/gtest.dir/build.make:63: gtest/CMakeFiles/gtest.dir/src/gtest-all.cc.o] Interrupt
[19.369s] make[1]: *** [CMakeFiles/Makefile2:298: gtest/CMakeFiles/gtest.dir/all] Interrupt
[19.370s] make[2]: *** [CMakeFiles/camera_calibration_parsers.dir/build.make:76: CMakeFiles/camera_calibration_parsers.dir/src/parse_ini.cpp.o] Interrupt
[19.371s] make[2]: *** wait: No child processes.  Stop.
[19.373s] make[2]: *** Waiting for unfinished jobs....
[19.381s] make[2]: *** wait: No child processes.  Stop.
[19.394s] make[1]: *** [CMakeFiles/Makefile2:190: CMakeFiles/camera_calibration_parsers.dir/all] Error 2
[19.395s] make: *** [Makefile:141: all] Interrupt
[19.431s] Invoked command in '/home/ubuntu/ros2_ws/build/camera_calibration_parsers' returned '-2': CMAKE_PREFIX_PATH=${CMAKE_PREFIX_PATH}:/home/ubuntu/ros2_ws/install/opencv_tests:/home/ubuntu/turtlebot3_ws/install/turtlebot3_teleop:/home/ubuntu/turtlebot3_ws/install/turtlebot3_example:/opt/ros/foxy /usr/bin/cmake --build /home/ubuntu/ros2_ws/build/camera_calibration_parsers -- -j4 -l4
