[0.242s] Invoking command in '/home/ubuntu/ros2_ws/build/cv_bridge': CMAKE_PREFIX_PATH=${CMAKE_PREFIX_PATH}:/home/ubuntu/ros2_ws/install/opencv_tests:/home/ubuntu/turtlebot3_ws/install/turtlebot3_teleop:/home/ubuntu/turtlebot3_ws/install/turtlebot3_example:/opt/ros/foxy /usr/bin/cmake /home/ubuntu/ros2_ws/src/vision_opencv/cv_bridge -DCMAKE_INSTALL_PREFIX=/home/ubuntu/ros2_ws/install/cv_bridge
[0.839s] -- The C compiler identification is GNU 9.4.0
[1.432s] -- The CXX compiler identification is GNU 9.4.0
[1.487s] -- Check for working C compiler: /usr/bin/cc
[2.152s] -- Check for working C compiler: /usr/bin/cc -- works
[2.163s] -- Detecting C compiler ABI info
[2.854s] -- Detecting C compiler ABI info - done
[2.958s] -- Detecting C compile features
[2.961s] -- Detecting C compile features - done
[2.981s] -- Check for working CXX compiler: /usr/bin/c++
[3.746s] -- Check for working CXX compiler: /usr/bin/c++ -- works
[3.762s] -- Detecting CXX compiler ABI info
[4.591s] -- Detecting CXX compiler ABI info - done
[4.683s] -- Detecting CXX compile features
[4.688s] -- Detecting CXX compile features - done
[4.722s] -- Found ament_cmake_ros: 0.9.2 (/opt/ros/foxy/share/ament_cmake_ros/cmake)
[5.200s] -- Found PythonInterp: /usr/bin/python3 (found suitable version "3.8.10", minimum required is "3") 
[5.203s] -- Using PYTHON_EXECUTABLE: /usr/bin/python3
[7.730s] -- Found PythonLibs: /usr/lib/aarch64-linux-gnu/libpython3.8.so (found version "3.8.10") 
[7.849s] -- Boost_VERSION_STRING: 1.71.0
[7.915s] -- Found Boost: /usr/lib/aarch64-linux-gnu/cmake/Boost-1.71.0/BoostConfig.cmake (found version "1.71.0") found components: python38 
[7.949s] -- Found rcpputils: 1.3.1 (/opt/ros/foxy/share/rcpputils/cmake)
[8.068s] -- Found sensor_msgs: 2.0.5 (/opt/ros/foxy/share/sensor_msgs/cmake)
[8.324s] -- Using all available rosidl_typesupport_c: rosidl_typesupport_fastrtps_c;rosidl_typesupport_introspection_c
[8.450s] -- Found rosidl_adapter: 1.2.1 (/opt/ros/foxy/share/rosidl_adapter/cmake)
[9.493s] -- Found OpenSSL: /usr/lib/aarch64-linux-gnu/libcrypto.so (found version "1.1.1f")  
[9.857s] -- Found FastRTPS: /opt/ros/foxy/include  
[10.758s] -- Using all available rosidl_typesupport_cpp: rosidl_typesupport_fastrtps_cpp;rosidl_typesupport_introspection_cpp
[13.124s] -- Performing Test COMPILER_HAS_HIDDEN_VISIBILITY
[13.901s] -- Performing Test COMPILER_HAS_HIDDEN_VISIBILITY - Success
[13.914s] -- Performing Test COMPILER_HAS_HIDDEN_INLINE_VISIBILITY
[14.715s] -- Performing Test COMPILER_HAS_HIDDEN_INLINE_VISIBILITY - Success
[14.722s] -- Performing Test COMPILER_HAS_DEPRECATED_ATTR
[15.514s] -- Performing Test COMPILER_HAS_DEPRECATED_ATTR - Success
[15.884s] -- Found PythonInterp: /usr/bin/python3 (found version "3.8.10") 
[15.900s] -- Found PythonLibs: /usr/lib/aarch64-linux-gnu/libpython3.8.so (found suitable version "3.8.10", minimum required is "3.8") 
[19.574s] -- Found ament_lint_auto: 0.9.6 (/opt/ros/foxy/share/ament_lint_auto/cmake)
[21.970s] -- Found gtest sources under '/opt/ros/foxy/src/gtest_vendor': C++ tests using 'Google Test' will be built
[22.020s] -- Looking for pthread.h
[24.138s] -- Looking for pthread.h - found
[24.150s] -- Performing Test CMAKE_HAVE_LIBC_PTHREAD
[26.716s] -- Performing Test CMAKE_HAVE_LIBC_PTHREAD - Failed
[26.731s] -- Check if compiler accepts -pthread
[96.962s] -- Check if compiler accepts -pthread - yes
[99.135s] -- Found Threads: TRUE  
[289.197s] -- Configuring done
[293.657s] -- Generating done
[293.689s] -- Build files have been written to: /home/ubuntu/ros2_ws/build/cv_bridge
[305.840s] Invoked command in '/home/ubuntu/ros2_ws/build/cv_bridge' returned '0': CMAKE_PREFIX_PATH=${CMAKE_PREFIX_PATH}:/home/ubuntu/ros2_ws/install/opencv_tests:/home/ubuntu/turtlebot3_ws/install/turtlebot3_teleop:/home/ubuntu/turtlebot3_ws/install/turtlebot3_example:/opt/ros/foxy /usr/bin/cmake /home/ubuntu/ros2_ws/src/vision_opencv/cv_bridge -DCMAKE_INSTALL_PREFIX=/home/ubuntu/ros2_ws/install/cv_bridge
[309.555s] Invoking command in '/home/ubuntu/ros2_ws/build/cv_bridge': CMAKE_PREFIX_PATH=${CMAKE_PREFIX_PATH}:/home/ubuntu/ros2_ws/install/opencv_tests:/home/ubuntu/turtlebot3_ws/install/turtlebot3_teleop:/home/ubuntu/turtlebot3_ws/install/turtlebot3_example:/opt/ros/foxy /usr/bin/cmake --build /home/ubuntu/ros2_ws/build/cv_bridge -- -j4 -l4
[311.995s] [35m[1mScanning dependencies of target cv_bridge[0m
[314.056s] [  6%] [32mBuilding CXX object src/CMakeFiles/cv_bridge.dir/cv_bridge.cpp.o[0m
[379.832s] [ 12%] [32mBuilding CXX object src/CMakeFiles/cv_bridge.dir/rgb_colors.cpp.o[0m
[411.141s] [ 18%] [32m[1mLinking CXX shared library libcv_bridge.so[0m
[414.293s] [ 18%] Built target cv_bridge
[414.585s] [35m[1mScanning dependencies of target gtest_main[0m
[414.963s] [ 25%] [32mBuilding CXX object gtest/CMakeFiles/gtest_main.dir/src/gtest_main.cc.o[0m
[422.926s] [ 31%] [32m[1mLinking CXX static library libgtest_main.a[0m
[423.203s] [ 31%] Built target gtest_main
[423.317s] [35m[1mScanning dependencies of target cv_bridge_boost[0m
[425.958s] [ 37%] [32mBuilding CXX object src/CMakeFiles/cv_bridge_boost.dir/module.cpp.o[0m
[691.990s] [ 43%] [32mBuilding CXX object src/CMakeFiles/cv_bridge_boost.dir/module_opencv3.cpp.o[0m
[953.604s] [ 50%] [32m[1mLinking CXX shared library boost/cv_bridge_boost.so[0m
[956.098s] [ 50%] Built target cv_bridge_boost
[956.377s] [35m[1mScanning dependencies of target gtest[0m
[956.857s] [ 56%] [32mBuilding CXX object gtest/CMakeFiles/gtest.dir/src/gtest-all.cc.o[0m
[983.873s] [ 62%] [32m[1mLinking CXX static library libgtest.a[0m
[984.530s] make[2]: *** [gtest/CMakeFiles/gtest.dir/build.make:85: gtest/libgtest.a] Interrupt
[985.108s] make[1]: *** [CMakeFiles/Makefile2:304: gtest/CMakeFiles/gtest.dir/all] Interrupt
[985.199s] make: *** [Makefile:141: all] Interrupt
