[0.214s] Invoking command in '/home/ubuntu/ros2_ws/build/image_transport': CMAKE_PREFIX_PATH=${CMAKE_PREFIX_PATH}:/home/ubuntu/ros2_ws/install/opencv_tests:/home/ubuntu/turtlebot3_ws/install/turtlebot3_teleop:/home/ubuntu/turtlebot3_ws/install/turtlebot3_example:/opt/ros/foxy /usr/bin/cmake /home/ubuntu/ros2_ws/src/image_common/image_transport -DCMAKE_INSTALL_PREFIX=/home/ubuntu/ros2_ws/install/image_transport
[0.815s] -- The C compiler identification is GNU 9.4.0
[1.400s] -- The CXX compiler identification is GNU 9.4.0
[1.454s] -- Check for working C compiler: /usr/bin/cc
[2.122s] -- Check for working C compiler: /usr/bin/cc -- works
[2.134s] -- Detecting C compiler ABI info
[2.820s] -- Detecting C compiler ABI info - done
[2.916s] -- Detecting C compile features
[2.920s] -- Detecting C compile features - done
[2.942s] -- Check for working CXX compiler: /usr/bin/c++
[3.699s] -- Check for working CXX compiler: /usr/bin/c++ -- works
[3.712s] -- Detecting CXX compiler ABI info
[4.508s] -- Detecting CXX compiler ABI info - done
[4.613s] -- Detecting CXX compile features
[4.619s] -- Detecting CXX compile features - done
[4.655s] -- Found ament_cmake_ros: 0.9.2 (/opt/ros/foxy/share/ament_cmake_ros/cmake)
[5.144s] -- Found PythonInterp: /usr/bin/python3 (found suitable version "3.8.10", minimum required is "3") 
[5.146s] -- Using PYTHON_EXECUTABLE: /usr/bin/python3
[7.612s] -- Found message_filters: 3.2.5 (/opt/ros/foxy/share/message_filters/cmake)
[7.670s] -- Found pluginlib: 2.5.3 (/opt/ros/foxy/share/pluginlib/cmake)
[8.323s] -- Found rclcpp: 2.3.1 (/opt/ros/foxy/share/rclcpp/cmake)
[8.786s] -- Using all available rosidl_typesupport_c: rosidl_typesupport_fastrtps_c;rosidl_typesupport_introspection_c
[8.898s] -- Found rosidl_adapter: 1.2.1 (/opt/ros/foxy/share/rosidl_adapter/cmake)
[9.757s] -- Found OpenSSL: /usr/lib/aarch64-linux-gnu/libcrypto.so (found version "1.1.1f")  
[10.075s] -- Found FastRTPS: /opt/ros/foxy/include  
[10.957s] -- Using all available rosidl_typesupport_cpp: rosidl_typesupport_fastrtps_cpp;rosidl_typesupport_introspection_cpp
[11.605s] -- Found rmw_implementation_cmake: 1.0.3 (/opt/ros/foxy/share/rmw_implementation_cmake/cmake)
[11.628s] -- Using RMW implementation 'rmw_fastrtps_cpp' as default
[11.636s] -- Looking for pthread.h
[12.367s] -- Looking for pthread.h - found
[12.369s] -- Performing Test CMAKE_HAVE_LIBC_PTHREAD
[13.142s] -- Performing Test CMAKE_HAVE_LIBC_PTHREAD - Failed
[13.145s] -- Looking for pthread_create in pthreads
[13.738s] -- Looking for pthread_create in pthreads - not found
[13.742s] -- Looking for pthread_create in pthread
[14.507s] -- Looking for pthread_create in pthread - found
[14.517s] -- Found Threads: TRUE  
[16.304s] -- Found sensor_msgs: 2.0.5 (/opt/ros/foxy/share/sensor_msgs/cmake)
[17.723s] -- Found gtest sources under '/opt/ros/foxy/src/gtest_vendor': C++ tests using 'Google Test' will be built
[17.745s] -- Check if compiler accepts -pthread
[19.172s] -- Check if compiler accepts -pthread - yes
[21.343s] -- Configuring done
[22.391s] -- Generating done
[22.446s] -- Build files have been written to: /home/ubuntu/ros2_ws/build/image_transport
[22.684s] Invoked command in '/home/ubuntu/ros2_ws/build/image_transport' returned '0': CMAKE_PREFIX_PATH=${CMAKE_PREFIX_PATH}:/home/ubuntu/ros2_ws/install/opencv_tests:/home/ubuntu/turtlebot3_ws/install/turtlebot3_teleop:/home/ubuntu/turtlebot3_ws/install/turtlebot3_example:/opt/ros/foxy /usr/bin/cmake /home/ubuntu/ros2_ws/src/image_common/image_transport -DCMAKE_INSTALL_PREFIX=/home/ubuntu/ros2_ws/install/image_transport
[22.692s] Invoking command in '/home/ubuntu/ros2_ws/build/image_transport': CMAKE_PREFIX_PATH=${CMAKE_PREFIX_PATH}:/home/ubuntu/ros2_ws/install/opencv_tests:/home/ubuntu/turtlebot3_ws/install/turtlebot3_teleop:/home/ubuntu/turtlebot3_ws/install/turtlebot3_example:/opt/ros/foxy /usr/bin/cmake --build /home/ubuntu/ros2_ws/build/image_transport -- -j4 -l4
[23.938s] [35m[1mScanning dependencies of target gtest[0m
[23.955s] [35m[1mScanning dependencies of target gtest_main[0m
[23.981s] [35m[1mScanning dependencies of target image_transport[0m
[24.389s] [  3%] [32mBuilding CXX object gtest/CMakeFiles/gtest_main.dir/src/gtest_main.cc.o[0m
[24.508s] [  6%] [32mBuilding CXX object gtest/CMakeFiles/gtest.dir/src/gtest-all.cc.o[0m
[25.877s] [ 10%] [32mBuilding CXX object CMakeFiles/image_transport.dir/src/camera_common.cpp.o[0m
[26.120s] [ 13%] [32mBuilding CXX object CMakeFiles/image_transport.dir/src/publisher.cpp.o[0m
[96.405s] [ 16%] [32m[1mLinking CXX static library libgtest_main.a[0m
[96.896s] [ 16%] Built target gtest_main
[985.082s] make[2]: *** [gtest/CMakeFiles/gtest.dir/build.make:63: gtest/CMakeFiles/gtest.dir/src/gtest-all.cc.o] Interrupt
[985.122s] make[2]: *** [CMakeFiles/image_transport.dir/build.make:76: CMakeFiles/image_transport.dir/src/publisher.cpp.o] Interrupt
[985.123s] make[1]: *** [CMakeFiles/Makefile2:480: gtest/CMakeFiles/gtest.dir/all] Interrupt
[985.178s] make: *** [Makefile:141: all] Interrupt
