[0.197s] Invoking command in '/home/ubuntu/ros2_ws/build/camera_calibration_parsers': CMAKE_PREFIX_PATH=${CMAKE_PREFIX_PATH}:/home/ubuntu/ros2_ws/install/opencv_tests:/home/ubuntu/turtlebot3_ws/install/turtlebot3_teleop:/home/ubuntu/turtlebot3_ws/install/turtlebot3_example:/opt/ros/foxy /usr/bin/cmake /home/ubuntu/ros2_ws/src/image_common/camera_calibration_parsers -DCMAKE_INSTALL_PREFIX=/home/ubuntu/ros2_ws/install/camera_calibration_parsers
[0.784s] -- The C compiler identification is GNU 9.4.0
[1.376s] -- The CXX compiler identification is GNU 9.4.0
[1.425s] -- Check for working C compiler: /usr/bin/cc
[2.092s] -- Check for working C compiler: /usr/bin/cc -- works
[2.100s] -- Detecting C compiler ABI info
[2.791s] -- Detecting C compiler ABI info - done
[2.903s] -- Detecting C compile features
[2.907s] -- Detecting C compile features - done
[2.929s] -- Check for working CXX compiler: /usr/bin/c++
[3.687s] -- Check for working CXX compiler: /usr/bin/c++ -- works
[3.698s] -- Detecting CXX compiler ABI info
[4.476s] -- Detecting CXX compiler ABI info - done
[4.575s] -- Detecting CXX compile features
[4.579s] -- Detecting CXX compile features - done
[4.609s] -- Found ament_cmake_ros: 0.9.2 (/opt/ros/foxy/share/ament_cmake_ros/cmake)
[5.075s] -- Found PythonInterp: /usr/bin/python3 (found suitable version "3.8.10", minimum required is "3") 
[5.076s] -- Using PYTHON_EXECUTABLE: /usr/bin/python3
[7.491s] -- Found rclcpp: 2.3.1 (/opt/ros/foxy/share/rclcpp/cmake)
[8.199s] -- Using all available rosidl_typesupport_c: rosidl_typesupport_fastrtps_c;rosidl_typesupport_introspection_c
[8.322s] -- Found rosidl_adapter: 1.2.1 (/opt/ros/foxy/share/rosidl_adapter/cmake)
[9.363s] -- Found OpenSSL: /usr/lib/aarch64-linux-gnu/libcrypto.so (found version "1.1.1f")  
[9.739s] -- Found FastRTPS: /opt/ros/foxy/include  
[10.682s] -- Using all available rosidl_typesupport_cpp: rosidl_typesupport_fastrtps_cpp;rosidl_typesupport_introspection_cpp
[11.390s] -- Found rmw_implementation_cmake: 1.0.3 (/opt/ros/foxy/share/rmw_implementation_cmake/cmake)
[11.419s] -- Using RMW implementation 'rmw_fastrtps_cpp' as default
[11.435s] -- Looking for pthread.h
[12.224s] -- Looking for pthread.h - found
[12.231s] -- Performing Test CMAKE_HAVE_LIBC_PTHREAD
[13.007s] -- Performing Test CMAKE_HAVE_LIBC_PTHREAD - Failed
[13.012s] -- Looking for pthread_create in pthreads
[13.619s] -- Looking for pthread_create in pthreads - not found
[13.624s] -- Looking for pthread_create in pthread
[14.396s] -- Looking for pthread_create in pthread - found
[14.408s] -- Found Threads: TRUE  
[16.258s] -- Found sensor_msgs: 2.0.5 (/opt/ros/foxy/share/sensor_msgs/cmake)
[17.533s] -- Found yaml_cpp_vendor: 7.0.2 (/opt/ros/foxy/share/yaml_cpp_vendor/cmake)
[17.536s] -- Setting yaml-cpp_DIR to: '/opt/ros/foxy/share/yaml_cpp_vendor/cmake/../../../opt/yaml_cpp_vendor/lib/cmake/yaml-cpp'
[17.659s] -- Found ament_cmake_cppcheck: 0.9.6 (/opt/ros/foxy/share/ament_cmake_cppcheck/cmake)
[17.716s] -- Found ament_cmake_cpplint: 0.9.6 (/opt/ros/foxy/share/ament_cmake_cpplint/cmake)
[17.781s] -- Found ament_cmake_lint_cmake: 0.9.6 (/opt/ros/foxy/share/ament_cmake_lint_cmake/cmake)
[17.859s] -- Found ament_cmake_uncrustify: 0.9.6 (/opt/ros/foxy/share/ament_cmake_uncrustify/cmake)
[17.985s] -- Found gtest sources under '/opt/ros/foxy/src/gtest_vendor': C++ tests using 'Google Test' will be built
[18.007s] -- Check if compiler accepts -pthread
[19.117s] -- Check if compiler accepts -pthread - yes
[20.350s] -- Configuring done
[20.807s] -- Generating done
[20.874s] -- Build files have been written to: /home/ubuntu/ros2_ws/build/camera_calibration_parsers
[21.082s] Invoked command in '/home/ubuntu/ros2_ws/build/camera_calibration_parsers' returned '0': CMAKE_PREFIX_PATH=${CMAKE_PREFIX_PATH}:/home/ubuntu/ros2_ws/install/opencv_tests:/home/ubuntu/turtlebot3_ws/install/turtlebot3_teleop:/home/ubuntu/turtlebot3_ws/install/turtlebot3_example:/opt/ros/foxy /usr/bin/cmake /home/ubuntu/ros2_ws/src/image_common/camera_calibration_parsers -DCMAKE_INSTALL_PREFIX=/home/ubuntu/ros2_ws/install/camera_calibration_parsers
[21.101s] Invoking command in '/home/ubuntu/ros2_ws/build/camera_calibration_parsers': CMAKE_PREFIX_PATH=${CMAKE_PREFIX_PATH}:/home/ubuntu/ros2_ws/install/opencv_tests:/home/ubuntu/turtlebot3_ws/install/turtlebot3_teleop:/home/ubuntu/turtlebot3_ws/install/turtlebot3_example:/opt/ros/foxy /usr/bin/cmake --build /home/ubuntu/ros2_ws/build/camera_calibration_parsers -- -j4 -l4
[22.169s] [35m[1mScanning dependencies of target gtest_main[0m
[22.186s] [35m[1mScanning dependencies of target gtest[0m
[22.205s] [35m[1mScanning dependencies of target camera_calibration_parsers[0m
[22.556s] [  7%] [32mBuilding CXX object gtest/CMakeFiles/gtest_main.dir/src/gtest_main.cc.o[0m
[22.705s] [ 14%] [32mBuilding CXX object gtest/CMakeFiles/gtest.dir/src/gtest-all.cc.o[0m
[23.461s] [ 21%] [32mBuilding CXX object CMakeFiles/camera_calibration_parsers.dir/src/parse.cpp.o[0m
[23.485s] [ 28%] [32mBuilding CXX object CMakeFiles/camera_calibration_parsers.dir/src/parse_ini.cpp.o[0m
[149.084s] [ 35%] [32m[1mLinking CXX static library libgtest_main.a[0m
[154.865s] [ 35%] Built target gtest_main
[985.068s] make[2]: *** [gtest/CMakeFiles/gtest.dir/build.make:63: gtest/CMakeFiles/gtest.dir/src/gtest-all.cc.o] Interrupt
[985.075s] make[2]: *** [CMakeFiles/camera_calibration_parsers.dir/build.make:63: CMakeFiles/camera_calibration_parsers.dir/src/parse.cpp.o] Interrupt
[985.077s] make[1]: *** [CMakeFiles/Makefile2:298: gtest/CMakeFiles/gtest.dir/all] Interrupt
[985.132s] make: *** [Makefile:141: all] Interrupt
